[code-theme.com/html/findhouses/index.html]
[backblue.gif]
[fade.gif]
[index.html]
[code-theme.com/html/findhouses/favicon.ico]
[code-theme.com/html/findhouses/css/jquery-ui.css]
[code-theme.com/html/findhouses/font/flaticon.css]
[code-theme.com/html/findhouses/css/fontawesome-all.min.css]
[code-theme.com/html/findhouses/css/fontawesome-5-all.min.css]
[code-theme.com/html/findhouses/css/font-awesome.min.css]
[code-theme.com/html/findhouses/css/search.css]
[code-theme.com/html/findhouses/css/animate.css]
[code-theme.com/html/findhouses/css/aos.css]
[code-theme.com/html/findhouses/css/magnific-popup.css]
[code-theme.com/html/findhouses/css/lightcase.css]
[code-theme.com/html/findhouses/css/owl.carousel.min.css]
[code-theme.com/html/findhouses/css/menu.css]
[code-theme.com/html/findhouses/css/slick.css]
[code-theme.com/html/findhouses/css/bootstrap.min.css]
[code-theme.com/html/findhouses/css/maps.css]
[code-theme.com/html/findhouses/css/styles.css]
[code-theme.com/html/findhouses/css/colors/pink.css]
[code-theme.com/html/findhouses/images/logo-white-1.svg]
[code-theme.com/html/findhouses/index-9.html]
[code-theme.com/html/findhouses/index-12.html]
[code-theme.com/html/findhouses/index-2.html]
[code-theme.com/html/findhouses/index-3.html]
[code-theme.com/html/findhouses/index-5.html]
[code-theme.com/html/findhouses/index-8.html]
[code-theme.com/html/findhouses/index-6.html]
[code-theme.com/html/findhouses/index-10.html]
[code-theme.com/html/findhouses/index-15.html]
[code-theme.com/html/findhouses/index-18.html]
[code-theme.com/html/findhouses/index-17.html]
[code-theme.com/html/findhouses/index-21.html]
[code-theme.com/html/findhouses/index-23.html]
[code-theme.com/html/findhouses/index-24.html]
[code-theme.com/html/findhouses/index-4.html]
[code-theme.com/html/findhouses/index-7.html]
[code-theme.com/html/findhouses/index-20.html]
[code-theme.com/html/findhouses/index-11.html]
[code-theme.com/html/findhouses/index-16.html]
[code-theme.com/html/findhouses/index-19.html]
[code-theme.com/html/findhouses/index-22.html]
[code-theme.com/html/findhouses/index-13.html]
[code-theme.com/html/findhouses/index-14.html]
[code-theme.com/html/findhouses/properties-grid-1.html]
[code-theme.com/html/findhouses/properties-grid-2.html]
[code-theme.com/html/findhouses/properties-grid-3.html]
[code-theme.com/html/findhouses/properties-grid-4.html]
[code-theme.com/html/findhouses/properties-full-grid-1.html]
[code-theme.com/html/findhouses/properties-full-grid-3.html]
[code-theme.com/html/findhouses/properties-full-list-1.html]
[code-theme.com/html/findhouses/properties-list-1.html]
[code-theme.com/html/findhouses/properties-full-list-2.html]
[code-theme.com/html/findhouses/properties-list-2.html]
[code-theme.com/html/findhouses/properties-full-grid-2.html]
[code-theme.com/html/findhouses/properties-half-map-2.html]
[code-theme.com/html/findhouses/properties-half-map-1.html]
[code-theme.com/html/findhouses/properties-half-map-3.html]
[code-theme.com/html/findhouses/properties-top-map-1.html]
[code-theme.com/html/findhouses/properties-top-map-2.html]
[code-theme.com/html/findhouses/properties-top-map-3.html]
[code-theme.com/html/findhouses/agents-listing-row.html]
[code-theme.com/html/findhouses/agents-listing-row-2.html]
[code-theme.com/html/findhouses/agent-details.html]
[code-theme.com/html/findhouses/agents-listing-grid.html]
[code-theme.com/html/findhouses/agencies-listing-1.html]
[code-theme.com/html/findhouses/agencies-listing-2.html]
[code-theme.com/html/findhouses/agencies-details.html]
[code-theme.com/html/findhouses/single-property-1.html]
[code-theme.com/html/findhouses/single-property-2.html]
[code-theme.com/html/findhouses/single-property-3.html]
[code-theme.com/html/findhouses/single-property-4.html]
[code-theme.com/html/findhouses/single-property-5.html]
[code-theme.com/html/findhouses/single-property-6.html]
[code-theme.com/html/findhouses/shop-with-sidebar.html]
[code-theme.com/html/findhouses/shop-full-page.html]
[code-theme.com/html/findhouses/shop-single.html]
[code-theme.com/html/findhouses/shop-checkout.html]
[code-theme.com/html/findhouses/shop-order.html]
[code-theme.com/html/findhouses/dashboard.html]
[code-theme.com/html/findhouses/user-profile.html]
[code-theme.com/html/findhouses/my-listings.html]
[code-theme.com/html/findhouses/favorited-listings.html]
[code-theme.com/html/findhouses/add-property.html]
[code-theme.com/html/findhouses/payment-method.html]
[code-theme.com/html/findhouses/invoice.html]
[code-theme.com/html/findhouses/change-password.html]
[code-theme.com/html/findhouses/about.html]
[code-theme.com/html/findhouses/faq.html]
[code-theme.com/html/findhouses/pricing-table.html]
[code-theme.com/html/findhouses/404.html]
[code-theme.com/html/findhouses/login.html]
[code-theme.com/html/findhouses/register.html]
[code-theme.com/html/findhouses/coming-soon.html]
[code-theme.com/html/findhouses/under-construction.html]
[code-theme.com/html/findhouses/ui-element.html]
[code-theme.com/html/findhouses/blog-full-grid.html]
[code-theme.com/html/findhouses/blog-grid-sidebar.html]
[code-theme.com/html/findhouses/blog-full-list.html]
[code-theme.com/html/findhouses/blog-list-sidebar.html]
[code-theme.com/html/findhouses/blog-details.html]
[code-theme.com/html/findhouses/contact-us.html]
[code-theme.com/html/findhouses/images/testimonials/ts-1.jpg]
[code-theme.com/html/findhouses/images/popular-places/12.jpg]
[code-theme.com/html/findhouses/images/popular-places/13.jpg]
[code-theme.com/html/findhouses/images/popular-places/14.jpg]
[code-theme.com/html/findhouses/images/popular-places/9.jpg]
[code-theme.com/html/findhouses/images/popular-places/15.jpg]
[code-theme.com/html/findhouses/images/popular-places/10.jpg]
[code-theme.com/html/findhouses/images/popular-places/5.jpg]
[code-theme.com/html/findhouses/images/popular-places/6.jpg]
[code-theme.com/html/findhouses/images/blog/b-11.jpg]
[code-theme.com/html/findhouses/images/blog/b-12.jpg]
[code-theme.com/html/findhouses/images/blog/b-1.jpg]
[code-theme.com/html/findhouses/images/feature-properties/fp-10.jpg]
[code-theme.com/html/findhouses/images/feature-properties/fp-11.jpg]
[code-theme.com/html/findhouses/images/feature-properties/fp-12.jpg]
[code-theme.com/html/findhouses/images/icons/icon-4.svg]
[code-theme.com/html/findhouses/images/icons/icon-5.svg]
[code-theme.com/html/findhouses/images/icons/icon-6.svg]
[code-theme.com/html/findhouses/images/icons/icon-15.svg]
[code-theme.com/html/findhouses/images/team/t-5.jpg]
[code-theme.com/html/findhouses/images/team/t-6.jpg]
[code-theme.com/html/findhouses/images/team/t-7.jpg]
[code-theme.com/html/findhouses/images/team/t-8.jpg]
[code-theme.com/html/findhouses/images/team/team-image-2.jpg]
[code-theme.com/html/findhouses/images/team/team-image-7.jpg]
[code-theme.com/html/findhouses/images/testimonials/ts-2.jpg]
[code-theme.com/html/findhouses/images/testimonials/ts-3.jpg]
[code-theme.com/html/findhouses/images/testimonials/ts-4.jpg]
[code-theme.com/html/findhouses/images/testimonials/ts-5.jpg]
[code-theme.com/html/findhouses/images/testimonials/ts-6.jpg]
[code-theme.com/html/findhouses/images/partners/11.jpg]
[code-theme.com/html/findhouses/images/partners/12.jpg]
[code-theme.com/html/findhouses/images/partners/13.jpg]
[code-theme.com/html/findhouses/images/partners/14.jpg]
[code-theme.com/html/findhouses/images/partners/15.jpg]
[code-theme.com/html/findhouses/images/partners/16.jpg]
[code-theme.com/html/findhouses/images/partners/17.jpg]
[code-theme.com/html/findhouses/images/logo-footer.svg]
[code-theme.com/html/findhouses/js/jquery-3.5.1.min.js]
[code-theme.com/html/findhouses/js/rangeSlider.js]
[code-theme.com/html/findhouses/js/tether.min.js]
[code-theme.com/html/findhouses/js/moment.js]
[code-theme.com/html/findhouses/js/bootstrap.min.js]
[code-theme.com/html/findhouses/js/mmenu.min.js]
[code-theme.com/html/findhouses/js/mmenu.js]
[code-theme.com/html/findhouses/js/aos.js]
[code-theme.com/html/findhouses/js/aos2.js]
[code-theme.com/html/findhouses/js/animate.js]
[code-theme.com/html/findhouses/js/fitvids.js]
[code-theme.com/html/findhouses/js/jquery.waypoints.min.js]
[code-theme.com/html/findhouses/js/typed.min.js]
[code-theme.com/html/findhouses/js/jquery.counterup.min.js]
[code-theme.com/html/findhouses/js/imagesloaded.pkgd.min.js]
[code-theme.com/html/findhouses/js/isotope.pkgd.min.js]
[code-theme.com/html/findhouses/js/slick.min.js]
[code-theme.com/html/findhouses/js/smooth-scroll.min.js]
[code-theme.com/html/findhouses/js/search.js]
[code-theme.com/html/findhouses/js/lightcase.js]
[code-theme.com/html/findhouses/js/owl.carousel.js]
[code-theme.com/html/findhouses/js/jquery.magnific-popup.min.js]
[code-theme.com/html/findhouses/js/ajaxchimp.min.js]
[code-theme.com/html/findhouses/js/newsletter.js]
[code-theme.com/html/findhouses/js/jquery.form.js]
[code-theme.com/html/findhouses/js/jquery.validate.min.js]
[code-theme.com/html/findhouses/js/searched.js]
[code-theme.com/html/findhouses/js/forms-2.js]
[code-theme.com/html/findhouses/js/map-style2.js]
[code-theme.com/html/findhouses/js/range.js]
[code-theme.com/html/findhouses/js/color-switcher.js]
[code-theme.com/html/findhouses/revolution/js/jquery.themepunch.revolution.min.js]
[code-theme.com/html/findhouses/index.html]
[code-theme.com/html/findhouses/js/script.js]
[code-theme.com/html/findhouses/revolution/js/jquery.themepunch.tools.min.js]
[code-theme.com/html/findhouses/css/jquery-ui.css]
[code-theme.com/html/findhouses/font/flaticon08b7.ttf]
[code-theme.com/html/findhouses/font/flaticon08b7.woff]
[code-theme.com/html/findhouses/font/flaticon08b7.woff2]
[code-theme.com/html/findhouses/font/flaticon08b7.eot]
[code-theme.com/html/findhouses/font/flaticon.css]
[code-theme.com/html/findhouses/font/flaticon08b7.svg]
[code-theme.com/html/findhouses/webfonts/fa-brands-400.eot]
[code-theme.com/html/findhouses/webfonts/fa-brands-400d41d.eot]
[code-theme.com/html/findhouses/webfonts/fa-brands-400.woff2]
[code-theme.com/html/findhouses/webfonts/fa-brands-400.woff]
[code-theme.com/html/findhouses/webfonts/fa-brands-400.ttf]
[code-theme.com/html/findhouses/webfonts/fa-regular-400.eot]
[code-theme.com/html/findhouses/webfonts/fa-regular-400d41d.eot]
[code-theme.com/html/findhouses/webfonts/fa-regular-400.woff2]
[code-theme.com/html/findhouses/webfonts/fa-regular-400.woff]
[code-theme.com/html/findhouses/webfonts/fa-regular-400.ttf]
[code-theme.com/html/findhouses/webfonts/fa-regular-400.svg]
[code-theme.com/html/findhouses/webfonts/fa-solid-900.eot]
[code-theme.com/html/findhouses/webfonts/fa-solid-900d41d.eot]
[code-theme.com/html/findhouses/webfonts/fa-solid-900.woff2]
[code-theme.com/html/findhouses/webfonts/fa-brands-400.svg]
[code-theme.com/html/findhouses/webfonts/fa-solid-900.woff]
[code-theme.com/html/findhouses/webfonts/fa-solid-900.ttf]
[code-theme.com/html/findhouses/css/fontawesome-all.min.css]
[code-theme.com/html/findhouses/css/fontawesome-5-all.min.css]
[code-theme.com/html/findhouses/fonts/fontawesome-webfont3e6e.eot]
[code-theme.com/html/findhouses/fonts/fontawesome-webfontd41d.eot]
[code-theme.com/html/findhouses/webfonts/fa-solid-900.svg]
[code-theme.com/html/findhouses/fonts/fontawesome-webfont3e6e.woff2]
[code-theme.com/html/findhouses/fonts/fontawesome-webfont3e6e.woff]
[code-theme.com/html/findhouses/fonts/fontawesome-webfont3e6e.ttf]
[code-theme.com/html/findhouses/css/font-awesome.min.css]
[code-theme.com/html/findhouses/css/search.css]
[code-theme.com/html/findhouses/css/animate.css]
[code-theme.com/html/findhouses/css/aos.css]
[code-theme.com/html/findhouses/css/aos2.css]
[code-theme.com/html/findhouses/css/magnific-popup.css]
[code-theme.com/html/findhouses/fonts/lightcaseeead.eot]
[code-theme.com/html/findhouses/fonts/lightcaseeead.woff]
[code-theme.com/html/findhouses/fonts/lightcaseeead.ttf]
[code-theme.com/html/findhouses/fonts/lightcaseeead.svg]
[code-theme.com/html/findhouses/css/lightcase.css]
[code-theme.com/html/findhouses/css/owl.carousel.min.css]
[code-theme.com/html/findhouses/css/bootstrap.min.css]
[code-theme.com/html/findhouses/css/menu.css]
[code-theme.com/html/findhouses/css/slick.css]
[code-theme.com/html/findhouses/images/bg/bg-info3.jpg]
[code-theme.com/html/findhouses/fonts/fontawesome-webfont3e6e.svg]
[code-theme.com/html/findhouses/images/bg/bg-testimonials.jpg]
[code-theme.com/html/findhouses/images/bg/bg-counter.jpg]
[code-theme.com/html/findhouses/images/bg/bg-counter2.jpg]
[code-theme.com/html/findhouses/images/bg/video-poster2.png]
[code-theme.com/html/findhouses/images/bg/info-service3.jpg]
[code-theme.com/html/findhouses/images/bg/bg-home-3.jpg]
[code-theme.com/html/findhouses/images/bg/bg-white-3.png]
[code-theme.com/html/findhouses/images/icons/quoe.png]
[code-theme.com/html/findhouses/images/bg/bg-demo.jpg]
[code-theme.com/html/findhouses/images/bg/bg-home-5.jpg]
[code-theme.com/html/findhouses/images/bg/bg-service-home-5.jpg]
[code-theme.com/html/findhouses/images/bg/bg-2-home-5.jpg]
[code-theme.com/html/findhouses/images/bg/bg-21.jpg]
[code-theme.com/html/findhouses/images/bg/bg-pattern-dot.png]
[code-theme.com/html/findhouses/images/bg/bg-15.jpg]
[code-theme.com/html/findhouses/images/bg/thome-6.jpg]
[code-theme.com/html/findhouses/images/bg/bg-h-1.jpg]
[code-theme.com/html/findhouses/images/bg/bg-h-10.jpg]
[code-theme.com/html/findhouses/images/bg/home-17-2.jpg]
[code-theme.com/html/findhouses/images/bg/info-service4.jpg]
[code-theme.com/html/findhouses/images/bg/info-service6.jpg]
[code-theme.com/html/findhouses/images/bg/bg-home-8.jpg]
[code-theme.com/html/findhouses/images/bg/home-18.jpg]
[code-theme.com/html/findhouses/images/bg/bg-testimonials-2.jpg]
[code-theme.com/html/findhouses/images/bg/bg-23.jpg]
[code-theme.com/html/findhouses/images/bg/bg-home-24.jpg]
[code-theme.com/html/findhouses/images/bg/home-171.jpg]
[code-theme.com/html/findhouses/images/bg/bg-details.jpg]
[code-theme.com/html/findhouses/images/bg/coming-soon.jpg]
[code-theme.com/html/findhouses/images/bg/bg-under.jpg]
[code-theme.com/html/findhouses/images/preloader.gif]
[code-theme.com/html/findhouses/css/styles.css]
[code-theme.com/html/findhouses/css/maps.css]
[code-theme.com/html/findhouses/css/colors/pink.css]
[code-theme.com/html/findhouses/images/logo-white-1.svg]
[code-theme.com/html/findhouses/css/leaflet.css]
[code-theme.com/html/findhouses/css/leaflet-gesture-handling.min.css]
[code-theme.com/html/findhouses/css/leaflet.markercluster.css]
[code-theme.com/html/findhouses/css/leaflet.markercluster.default.css]
[code-theme.com/html/findhouses/images/logo-red.svg]
[code-theme.com/html/findhouses/images/blog/b-2.jpg]
[code-theme.com/html/findhouses/images/blog/b-3.jpg]
[code-theme.com/html/findhouses/js/popper.min.js]
[code-theme.com/html/findhouses/js/leaflet.js]
[code-theme.com/html/findhouses/js/leaflet-gesture-handling.min.js]
[code-theme.com/html/findhouses/js/leaflet-providers.js]
[code-theme.com/html/findhouses/index-9.html]
[code-theme.com/html/findhouses/js/leaflet.markercluster.js]
[code-theme.com/html/findhouses/css/colors/darkblue.css]
[code-theme.com/html/findhouses/images/logo.svg]
[code-theme.com/html/findhouses/images/feature-properties/fp-1.jpg]
[code-theme.com/html/findhouses/images/feature-properties/fp-2.jpg]
[code-theme.com/html/findhouses/images/feature-properties/fp-3.jpg]
[code-theme.com/html/findhouses/images/feature-properties/fp-4.jpg]
[code-theme.com/html/findhouses/images/feature-properties/fp-5.jpg]
[code-theme.com/html/findhouses/images/feature-properties/fp-6.jpg]
[code-theme.com/html/findhouses/images/feature-properties/fp-7.jpg]
[code-theme.com/html/findhouses/images/blog/b-4.jpg]
[code-theme.com/html/findhouses/js/slick3.js]
[code-theme.com/html/findhouses/js/map4.js]
[code-theme.com/html/findhouses/index-12.html]
[code-theme.com/html/findhouses/js/jquery-ui.js]
[code-theme.com/html/findhouses/css/search-form.css]
[code-theme.com/html/findhouses/css/colors/dark-gray.css]
[code-theme.com/html/findhouses/images/logo-gray.svg]
[code-theme.com/html/findhouses/images/icons/i-1.svg]
[code-theme.com/html/findhouses/images/icons/i-2.svg]
[code-theme.com/html/findhouses/images/icons/i-3.svg]
[code-theme.com/html/findhouses/images/icons/i-4.svg]
[code-theme.com/html/findhouses/images/logo-black.svg]
[code-theme.com/html/findhouses/index-2.html]
[code-theme.com/html/findhouses/images/icons/icon-12.svg]
[code-theme.com/html/findhouses/images/icons/icon-13.svg]
[code-theme.com/html/findhouses/images/icons/icon-14.svg]
[code-theme.com/html/findhouses/images/blog/b-5.jpg]
[code-theme.com/html/findhouses/images/blog/b-6.jpg]
[code-theme.com/html/findhouses/images/blog/b-7.jpg]
[code-theme.com/html/findhouses/images/feature-properties/fp-8.jpg]
[code-theme.com/html/findhouses/images/blog/b-10.jpg]
[code-theme.com/html/findhouses/index-3.html]
[code-theme.com/html/findhouses/css/nice-select.css]
[code-theme.com/html/findhouses/css/colors/black.css]
[code-theme.com/html/findhouses/images/logo-light-dark.svg]
[code-theme.com/html/findhouses/images/interior/p-1.jpg]
[code-theme.com/html/findhouses/images/interior/p-2.jpg]
[code-theme.com/html/findhouses/images/interior/p-3.jpg]
[code-theme.com/html/findhouses/images/interior/p-4.jpg]
[code-theme.com/html/findhouses/images/interior/p-5.jpg]
[code-theme.com/html/findhouses/images/single-property/s-6.jpg]
[code-theme.com/html/findhouses/images/single-property/s-1.jpg]
[code-theme.com/html/findhouses/images/single-property/s-2.jpg]
[code-theme.com/html/findhouses/images/single-property/s-3.jpg]
[code-theme.com/html/findhouses/images/icons/i-5.svg]
[code-theme.com/html/findhouses/images/icons/i-6.svg]
[code-theme.com/html/findhouses/images/icons/i-7.svg]
[code-theme.com/html/findhouses/images/icons/i-8.svg]
[code-theme.com/html/findhouses/js/nice-select.js]
[code-theme.com/html/findhouses/js/slick.js]
[code-theme.com/html/findhouses/index-5.html]
[code-theme.com/html/findhouses/images/feature-properties/fp-9.jpg]
[code-theme.com/html/findhouses/images/popular-places/7.jpg]
[code-theme.com/html/findhouses/images/popular-places/8.jpg]
[code-theme.com/html/findhouses/index-6.html]
[code-theme.com/html/findhouses/index-8.html]
[code-theme.com/html/findhouses/index-10.html]
[code-theme.com/html/findhouses/css/colors/green.css]
[code-theme.com/html/findhouses/css/colors/icons/green/1.png]
[code-theme.com/html/findhouses/css/colors/icons/green/2.png]
[code-theme.com/html/findhouses/css/colors/icons/green/3.png]
[code-theme.com/html/findhouses/css/colors/icons/green/4.png]
[code-theme.com/html/findhouses/images/blog/b-8.jpg]
[code-theme.com/html/findhouses/index-15.html]
[code-theme.com/html/findhouses/images/popular-places/11.jpg]
[code-theme.com/html/findhouses/images/team/t-1.jpg]
[code-theme.com/html/findhouses/images/team/t-2.jpg]
[code-theme.com/html/findhouses/images/team/t-3.jpg]
[code-theme.com/html/findhouses/images/team/t-4.jpg]
[code-theme.com/html/findhouses/index-17.html]
[code-theme.com/html/findhouses/css/colors/dark-orange.css]
[code-theme.com/html/findhouses/submit-property.html]
[code-theme.com/html/findhouses/images/icons/icon-1.svg]
[code-theme.com/html/findhouses/images/icons/icon-2.svg]
[code-theme.com/html/findhouses/images/icons/icon-3.svg]
[code-theme.com/html/findhouses/index-18.html]
[code-theme.com/html/findhouses/index-21.html]
[code-theme.com/html/findhouses/index-23.html]
[code-theme.com/html/findhouses/images/bg/slider.png]
[code-theme.com/html/findhouses/index-24.html]
[code-theme.com/html/findhouses/index-4.html]
[code-theme.com/html/findhouses/css/video.css]
[code-theme.com/html/findhouses/images/bg/video-image.png]
[code-theme.com/html/findhouses/video/7.mp4]
[code-theme.com/html/findhouses/index-7.html]
[code-theme.com/html/findhouses/css/swiper.min.css]
[code-theme.com/html/findhouses/css/owl-carousel.css]
[code-theme.com/html/findhouses/video/5.mp4]
[code-theme.com/html/findhouses/images/logo-yellow.svg]
[code-theme.com/html/findhouses/js/swiper.min.js]
[code-theme.com/html/findhouses/js/swiper.js]
[code-theme.com/html/findhouses/js/slick2.js]
[code-theme.com/html/findhouses/index-20.html]
[code-theme.com/html/findhouses/revolution/css/settings.css]
[code-theme.com/html/findhouses/revolution/css/layers.css]
[code-theme.com/html/findhouses/revolution/css/navigation.css]
[code-theme.com/html/findhouses/css/slider-search2.css]
[code-theme.com/html/findhouses/images/slider/slide-1.jpg]
[code-theme.com/html/findhouses/images/slider/slide-2.jpg]
[code-theme.com/html/findhouses/revolution/js/extensions/revolution.extension.actions.min.js]
[code-theme.com/html/findhouses/revolution/js/extensions/revolution.extension.carousel.min.js]
[code-theme.com/html/findhouses/revolution/js/extensions/revolution.extension.kenburn.min.js]
[code-theme.com/html/findhouses/revolution/js/extensions/revolution.extension.layeranimation.min.js]
[code-theme.com/html/findhouses/revolution/js/extensions/revolution.extension.migration.min.js]
[code-theme.com/html/findhouses/revolution/js/extensions/revolution.extension.navigation.min.js]
[code-theme.com/html/findhouses/revolution/js/extensions/revolution.extension.parallax.min.js]
[code-theme.com/html/findhouses/revolution/js/extensions/revolution.extension.slideanims.min.js]
[code-theme.com/html/findhouses/index-11.html]
[code-theme.com/html/findhouses/revolution/js/extensions/revolution.extension.video.min.js]
[code-theme.com/html/findhouses/images/slider/slider-1.jpg]
[code-theme.com/html/findhouses/images/slider/placeholder.png]
[code-theme.com/html/findhouses/images/slider/bed.png]
[code-theme.com/html/findhouses/images/slider/bathtub.png]
[code-theme.com/html/findhouses/images/slider/select.png]
[code-theme.com/html/findhouses/images/slider/slider-2.jpg]
[code-theme.com/html/findhouses/images/single-property/s-4.jpg]
[code-theme.com/html/findhouses/images/single-property/s-5.jpg]
[code-theme.com/html/findhouses/index-16.html]
[code-theme.com/html/findhouses/css/slider-home18.css]
[code-theme.com/html/findhouses/css/colors/light-black.css]
[code-theme.com/html/findhouses/images/slider/p-1.jpg]
[code-theme.com/html/findhouses/images/slider/p-2.jpg]
[code-theme.com/html/findhouses/images/slider/p-3.jpg]
[code-theme.com/html/findhouses/index-19.html]
[code-theme.com/html/findhouses/css/colors/light-purple.css]
[code-theme.com/html/findhouses/images/slider/dummy_2.png]
[code-theme.com/html/findhouses/images/1.png]
[code-theme.com/html/findhouses/images/2.png]
[code-theme.com/html/findhouses/images/3.png]
[code-theme.com/html/findhouses/images/4.png]
[code-theme.com/html/findhouses/images/projects/welcome.jpg]
[code-theme.com/html/findhouses/index-22.html]
[code-theme.com/html/findhouses/images/slider/slider-8.jpg]
[code-theme.com/html/findhouses/images/slider/slider-9.jpg]
[code-theme.com/html/findhouses/images/logo-white.svg]
[code-theme.com/html/findhouses/index-13.html]
[code-theme.com/html/findhouses/index-14.html]
[code-theme.com/html/findhouses/js/slick4.js]
[code-theme.com/html/findhouses/js/light.js]
[code-theme.com/html/findhouses/js/popup.js]
[code-theme.com/html/findhouses/properties-grid-1.html]
[code-theme.com/html/findhouses/properties-grid-2.html]
[code-theme.com/html/findhouses/js/inner.js]
[code-theme.com/html/findhouses/images/blog/b-9.jpg]
[code-theme.com/html/findhouses/properties-grid-3.html]
[code-theme.com/html/findhouses/properties-grid-4.html]
[code-theme.com/html/findhouses/properties-full-grid-1.html]
[code-theme.com/html/findhouses/properties-full-grid-2.html]
[code-theme.com/html/findhouses/properties-full-grid-3.html]
[code-theme.com/html/findhouses/properties-full-list-1.html]
[code-theme.com/html/findhouses/properties-list-1.html]
[code-theme.com/html/findhouses/properties-full-list-2.html]
[code-theme.com/html/findhouses/properties-list-2.html]
[code-theme.com/html/findhouses/properties-half-map-1.html]
[code-theme.com/html/findhouses/properties-half-map-2.html]
[code-theme.com/html/findhouses/properties-half-map-3.html]
[code-theme.com/html/findhouses/properties-top-map-1.html]
[code-theme.com/html/findhouses/properties-top-map-2.html]
[code-theme.com/html/findhouses/properties-top-map-3.html]
[code-theme.com/html/findhouses/css/timedropper.css]
[code-theme.com/html/findhouses/css/datedropper.css]
[code-theme.com/html/findhouses/images/team/a-1.png]
[code-theme.com/html/findhouses/images/partners/1.png]
[code-theme.com/html/findhouses/images/team/a-2.png]
[code-theme.com/html/findhouses/images/partners/2.png]
[code-theme.com/html/findhouses/images/team/a-3.png]
[code-theme.com/html/findhouses/images/partners/3.png]
[code-theme.com/html/findhouses/images/team/a-4.png]
[code-theme.com/html/findhouses/images/partners/4.png]
[code-theme.com/html/findhouses/images/team/a-7.png]
[code-theme.com/html/findhouses/images/partners/8.png]
[code-theme.com/html/findhouses/images/team/a-8.png]
[code-theme.com/html/findhouses/images/team/a-5.png]
[code-theme.com/html/findhouses/images/partners/5.png]
[code-theme.com/html/findhouses/images/team/a-6.png]
[code-theme.com/html/findhouses/images/partners/7.png]
[code-theme.com/html/findhouses/images/single-property/banner.jpg]
[code-theme.com/html/findhouses/js/range-slider.js]
[code-theme.com/html/findhouses/js/timedropper.js]
[code-theme.com/html/findhouses/js/datedropper.js]
[code-theme.com/html/findhouses/js/jqueryadd-count.js]
[code-theme.com/html/findhouses/agents-listing-grid.html]
[code-theme.com/html/findhouses/agents-listing-row.html]
[code-theme.com/html/findhouses/agents-listing-row-2.html]
[code-theme.com/html/findhouses/agent-details.html]
[code-theme.com/html/findhouses/images/partners/ag-1.jpg]
[code-theme.com/html/findhouses/images/partners/ag-2.jpg]
[code-theme.com/html/findhouses/images/partners/ag-3.jpg]
[code-theme.com/html/findhouses/images/partners/ag-4.jpg]
[code-theme.com/html/findhouses/images/partners/ag-5.jpg]
[code-theme.com/html/findhouses/images/partners/ag-6.jpg]
[code-theme.com/html/findhouses/images/partners/ag-7.jpg]
[code-theme.com/html/findhouses/images/partners/ag-8.jpg]
[code-theme.com/html/findhouses/agencies-listing-1.html]
[code-theme.com/html/findhouses/agencies-listing-2.html]
[code-theme.com/html/findhouses/agencies-details.html]
[code-theme.com/html/findhouses/images/bg/floor-plan-1.png]
[code-theme.com/html/findhouses/images/slider/home-slider-4.jpg]
[code-theme.com/html/findhouses/js/map-single.js]
[code-theme.com/html/findhouses/single-property-1.html]
[code-theme.com/html/findhouses/single-property-2.html]
[code-theme.com/html/findhouses/images/slider/home-slider-1.jpg]
[code-theme.com/html/findhouses/images/slider/home-slider-2.jpg]
[code-theme.com/html/findhouses/images/slider/home-slider-3.jpg]
[code-theme.com/html/findhouses/single-property-3.html]
[code-theme.com/html/findhouses/single-property-4.html]
[code-theme.com/html/findhouses/images/bg/video-single.png]
[code-theme.com/html/findhouses/video/6.mp4]
[code-theme.com/html/findhouses/single-property-5.html]
[code-theme.com/html/findhouses/single-property-6.html]
[code-theme.com/html/findhouses/images/shop/shop-1.jpg]
[code-theme.com/html/findhouses/images/shop/shop-2.jpg]
[code-theme.com/html/findhouses/images/shop/shop-3.jpg]
[code-theme.com/html/findhouses/images/shop/shop-4.jpg]
[code-theme.com/html/findhouses/images/shop/shop-6.jpg]
[code-theme.com/html/findhouses/shop-with-sidebar.html]
[code-theme.com/html/findhouses/images/shop/shop-7.jpg]
[code-theme.com/html/findhouses/images/shop/shop-8.jpg]
[code-theme.com/html/findhouses/images/shop/shop-9.jpg]
[code-theme.com/html/findhouses/shop-full-page.html]
[code-theme.com/html/findhouses/shop-single.html]
[code-theme.com/html/findhouses/images/paypal.png]
[code-theme.com/html/findhouses/images/credit.png]
[code-theme.com/html/findhouses/shop-checkout.html]
[code-theme.com/html/findhouses/css/invoice.css]
[code-theme.com/html/findhouses/shop-order.html]
[code-theme.com/html/findhouses/css/dashbord-mobile-menu.css]
[code-theme.com/html/findhouses/images/logo-blue.svg]
[code-theme.com/html/findhouses/js/dashbord-mobile-menu.js]
[code-theme.com/html/findhouses/dashboard.html]
[code-theme.com/html/findhouses/user-profile.html]
[code-theme.com/html/findhouses/my-listings.html]
[code-theme.com/html/findhouses/favorited-listings.html]
[code-theme.com/html/findhouses/js/dropzone.js]
[code-theme.com/html/findhouses/add-property.html]
[code-theme.com/html/findhouses/payment-method.html]
[code-theme.com/html/findhouses/invoice.html]
[code-theme.com/html/findhouses/change-password.html]
[code-theme.com/html/findhouses/images/signature.png]
[code-theme.com/html/findhouses/images/bg/bg-video.jpg]
[code-theme.com/html/findhouses/js/counterup.js]
[code-theme.com/html/findhouses/about.html]
[code-theme.com/html/findhouses/faq.html]
[code-theme.com/html/findhouses/pricing-table.html]
[code-theme.com/html/findhouses/images/bg/error-404.jpg]
[code-theme.com/html/findhouses/404.html]
[code-theme.com/html/findhouses/login.html]
[code-theme.com/html/findhouses/register.html]
[code-theme.com/html/findhouses/js/jquery.countdown.js]
[code-theme.com/html/findhouses/js/timer.js]
[code-theme.com/html/findhouses/coming-soon.html]
[code-theme.com/html/findhouses/js/under.js]
[code-theme.com/html/findhouses/under-construction.html]
[code-theme.com/html/findhouses/js/jquery.barfiller.js]
[code-theme.com/html/findhouses/js/barfiller.js]
[code-theme.com/html/findhouses/js/Countdown.min.js]
[code-theme.com/html/findhouses/ui-element.html]
[code-theme.com/html/findhouses/js/ui-lement.js]
[code-theme.com/html/findhouses/blog-full-grid.html]
[code-theme.com/html/findhouses/blog-grid-sidebar.html]
[code-theme.com/html/findhouses/blog-full-list.html]
[code-theme.com/html/findhouses/blog-list-sidebar.html]
[code-theme.com/html/findhouses/blog-details.html]
[code-theme.com/html/findhouses/js/forms.js]
[code-theme.com/html/findhouses/contact-us.html]
[code-theme.com/html/findhouses/properties-map.html]
[code-theme.com/html/findhouses/properties-details.html]
[code-theme.com/html/findhouses/images/icons/icon-4.svg]
[code-theme.com/html/findhouses/images/icons/icon-5.svg]
[code-theme.com/html/findhouses/images/icons/icon-6.svg]
[code-theme.com/html/findhouses/images/icons/icon-15.svg]
[code-theme.com/html/findhouses/images/logo-footer.svg]
[code-theme.com/html/findhouses/properties-right-sidebar.html]
[code-theme.com/html/findhouses/properties-full-list.html]
[code-theme.com/html/findhouses/blog.html]
[code-theme.com/html/findhouses/css/images/ui-icons_444444_256x240.html]
[code-theme.com/html/findhouses/css/images/ui-icons_555555_256x240.html]
[code-theme.com/html/findhouses/css/images/ui-icons_ffffff_256x240.html]
[code-theme.com/html/findhouses/css/images/ui-icons_777620_256x240.html]
[code-theme.com/html/findhouses/css/images/ui-icons_cc0000_256x240.html]
[code-theme.com/html/findhouses/css/images/ui-icons_777777_256x240.html]
[code-theme.com/html/findhouses/font/flaticon08b7.svg]
[code-theme.com/html/findhouses/webfonts/fa-brands-400.svg]
[code-theme.com/html/findhouses/webfonts/fa-regular-400.svg]
[code-theme.com/html/findhouses/webfonts/fa-solid-900.svg]
[code-theme.com/html/findhouses/fonts/fontawesome-webfont3e6e.svg]
[code-theme.com/html/findhouses/fonts/lightcaseeead.svg]
[code-theme.com/html/findhouses/css/owl.video.play.html]
[code-theme.com/html/findhouses/css/images/layers.png]
[code-theme.com/html/findhouses/css/images/layers-2x.png]
[code-theme.com/html/findhouses/css/leaflet.css]
[code-theme.com/html/findhouses/css/leaflet-gesture-handling.min.css]
[code-theme.com/html/findhouses/css/leaflet.markercluster.css]
[code-theme.com/html/findhouses/css/leaflet.markercluster.default.css]
[code-theme.com/html/findhouses/images/logo-red.svg]
[code-theme.com/html/findhouses/css/colors/darkblue.css]
[code-theme.com/html/findhouses/images/logo.svg]
[code-theme.com/html/findhouses/css/search-form.css]
[code-theme.com/html/findhouses/css/colors/dark-gray.css]
[code-theme.com/html/findhouses/images/logo-gray.svg]
[code-theme.com/html/findhouses/images/icons/i-1.svg]
[code-theme.com/html/findhouses/images/icons/i-2.svg]
[code-theme.com/html/findhouses/images/icons/i-3.svg]
[code-theme.com/html/findhouses/images/icons/i-4.svg]
[code-theme.com/html/findhouses/images/logo-black.svg]
[code-theme.com/html/findhouses/css/default.css]
[code-theme.com/html/findhouses/images/icons/icon-12.svg]
[code-theme.com/html/findhouses/images/icons/icon-13.svg]
[code-theme.com/html/findhouses/images/icons/icon-14.svg]
[code-theme.com/html/findhouses/css/nice-select.css]
[code-theme.com/html/findhouses/css/colors/black.css]
[code-theme.com/html/findhouses/images/logo-light-dark.svg]
[code-theme.com/html/findhouses/sisingle-property-1.html]
[code-theme.com/html/findhouses/images/icons/i-5.svg]
[code-theme.com/html/findhouses/images/icons/i-6.svg]
[code-theme.com/html/findhouses/images/icons/i-7.svg]
[code-theme.com/html/findhouses/images/icons/i-8.svg]
[code-theme.com/html/findhouses/listing-details.html]
[code-theme.com/html/findhouses/css/colors/green.css]
[code-theme.com/html/findhouses/css/colors/dark-orange.css]
[code-theme.com/html/findhouses/submit-property.html]
[code-theme.com/html/findhouses/images/icons/icon-1.svg]
[code-theme.com/html/findhouses/images/icons/icon-2.svg]
[code-theme.com/html/findhouses/images/icons/icon-3.svg]
[code-theme.com/html/findhouses/css/video.css]
[code-theme.com/html/findhouses/css/swiper.min.css]
[code-theme.com/html/findhouses/css/owl-carousel.css]
[code-theme.com/html/findhouses/images/logo-yellow.svg]
[code-theme.com/html/findhouses/revolution/fonts/revicons/revicons90c6.eot]
[code-theme.com/html/findhouses/revolution/fonts/revicons/revicons90c6.woff]
[code-theme.com/html/findhouses/revolution/fonts/revicons/revicons90c6.ttf]
[code-theme.com/html/findhouses/revolution/fonts/revicons/revicons90c6.svg]
[code-theme.com/html/findhouses/revolution/css/openhand.cur]
[code-theme.com/html/findhouses/revolution/css/closedhand.cur]
[code-theme.com/html/findhouses/revolution/assets/gridtile.png]
[code-theme.com/html/findhouses/revolution/assets/gridtile_white.png]
[code-theme.com/html/findhouses/revolution/assets/gridtile_3x3.png]
[code-theme.com/html/findhouses/revolution/assets/gridtile_3x3_white.png]
[code-theme.com/html/findhouses/revolution/assets/coloredbg.png]
[code-theme.com/html/findhouses/revolution/assets/loader.gif]
[code-theme.com/html/findhouses/revolution/css/settings.css]
[code-theme.com/html/findhouses/revolution/css/layers.css]
[code-theme.com/html/findhouses/revolution/css/navigation.css]
[code-theme.com/html/findhouses/css/slider-search2.css]
[code-theme.com/html/findhouses/property-detail.html]
[code-theme.com/html/findhouses/css/slider-home18.css]
[code-theme.com/html/findhouses/css/colors/light-black.css]
[code-theme.com/html/findhouses/css/colors/light-purple.css]
[code-theme.com/html/findhouses/images/logo-white.svg]
[code-theme.com/html/findhouses/css/timedropper.css]
[code-theme.com/html/findhouses/css/src/datedropper.eot]
[code-theme.com/html/findhouses/css/src/datedropperd41d.eot]
[code-theme.com/html/findhouses/css/src/datedropper.woff]
[code-theme.com/html/findhouses/css/src/datedropper.ttf]
[code-theme.com/html/findhouses/css/datedropper.css]
[code-theme.com/html/findhouses/css/src/datedropper.svg]
[code-theme.com/html/findhouses/css/invoice.css]
[code-theme.com/html/findhouses/css/dashbord-mobile-menu.css]
[code-theme.com/html/findhouses/images/logo-blue.svg]
[code-theme.com/html/findhouses/team-details.html]
[code-theme.com/html/findhouses/revolution/fonts/revicons/revicons90c6.svg]
[code-theme.com/html/findhouses/css/src/datedropper.svg]
[code-theme.com/html/findhouses/images/shop/shop-5.jpg]
